# JRE version: Java(TM) SE Runtime Environment (8.0_281-b09) (build 1.8.0_281-b09)
# Java VM: Java HotSpot(TM) 64-Bit Server VM (25.281-b09 mixed mode windows-amd64 compressed oops)
Heap:
 PSYoungGen      total 37888K, used 10176K [0x00000000d6180000, 0x00000000d8b80000, 0x0000000100000000)
  eden space 32768K, 15% used [0x00000000d6180000,0x00000000d66781d8,0x00000000d8180000)
  from space 5120K, 99% used [0x00000000d8180000,0x00000000d8678060,0x00000000d8680000)
  to   space 5120K, 0% used [0x00000000d8680000,0x00000000d8680000,0x00000000d8b80000)
 ParOldGen       total 55808K, used 13659K [0x0000000082400000, 0x0000000085a80000, 0x00000000d6180000)
  object space 55808K, 24% used [0x0000000082400000,0x0000000083156ed8,0x0000000085a80000)
 Metaspace       used 24151K, capacity 25606K, committed 25856K, reserved 1071104K
  class space    used 3244K, capacity 3558K, committed 3584K, reserved 1048576K
GC Heap History (8 events):
Event: 0.916 GC heap before
{Heap before GC invocations=1 (full 0):
 PSYoungGen      total 37888K, used 31909K [0x00000000d6180000, 0x00000000d8b80000, 0x0000000100000000)
  eden space 32768K, 97% used [0x00000000d6180000,0x00000000d80a9428,0x00000000d8180000)
  from space 5120K, 0% used [0x00000000d8680000,0x00000000d8680000,0x00000000d8b80000)
  to   space 5120K, 0% used [0x00000000d8180000,0x00000000d8180000,0x00000000d8680000)
 ParOldGen       total 86016K, used 0K [0x0000000082400000, 0x0000000087800000, 0x00000000d6180000)
  object space 86016K, 0% used [0x0000000082400000,0x0000000082400000,0x0000000087800000)
 Metaspace       used 15760K, capacity 16384K, committed 16640K, reserved 1062912K
  class space    used 2268K, capacity 2448K, committed 2560K, reserved 1048576K
Event: 0.924 GC heap after
Heap after GC invocations=1 (full 0):
 PSYoungGen      total 37888K, used 4720K [0x00000000d6180000, 0x00000000d8b80000, 0x0000000100000000)
  eden space 32768K, 0% used [0x00000000d6180000,0x00000000d6180000,0x00000000d8180000)
  from space 5120K, 92% used [0x00000000d8180000,0x00000000d861c030,0x00000000d8680000)
  to   space 5120K, 0% used [0x00000000d8680000,0x00000000d8680000,0x00000000d8b80000)
 ParOldGen       total 86016K, used 80K [0x0000000082400000, 0x0000000087800000, 0x00000000d6180000)
  object space 86016K, 0% used [0x0000000082400000,0x0000000082414010,0x0000000087800000)
 Metaspace       used 15760K, capacity 16384K, committed 16640K, reserved 1062912K
  class space    used 2268K, capacity 2448K, committed 2560K, reserved 1048576K
}
Event: 6.859 GC heap before
{Heap before GC invocations=2 (full 0):
 PSYoungGen      total 37888K, used 27763K [0x00000000d6180000, 0x00000000d8b80000, 0x0000000100000000)
  eden space 32768K, 70% used [0x00000000d6180000,0x00000000d7800ee8,0x00000000d8180000)
  from space 5120K, 92% used [0x00000000d8180000,0x00000000d861c030,0x00000000d8680000)
  to   space 5120K, 0% used [0x00000000d8680000,0x00000000d8680000,0x00000000d8b80000)
 ParOldGen       total 86016K, used 80K [0x0000000082400000, 0x0000000087800000, 0x00000000d6180000)
  object space 86016K, 0% used [0x0000000082400000,0x0000000082414010,0x0000000087800000)
 Metaspace       used 20391K, capacity 21128K, committed 21248K, reserved 1067008K
  class space    used 2771K, capacity 2987K, committed 3072K, reserved 1048576K
Event: 6.865 GC heap after
Heap after GC invocations=2 (full 0):
 PSYoungGen      total 37888K, used 5104K [0x00000000d6180000, 0x00000000d8b80000, 0x0000000100000000)
  eden space 32768K, 0% used [0x00000000d6180000,0x00000000d6180000,0x00000000d8180000)
  from space 5120K, 99% used [0x00000000d8680000,0x00000000d8b7c080,0x00000000d8b80000)
  to   space 5120K, 0% used [0x00000000d8180000,0x00000000d8180000,0x00000000d8680000)
 ParOldGen       total 86016K, used 8762K [0x0000000082400000, 0x0000000087800000, 0x00000000d6180000)
  object space 86016K, 10% used [0x0000000082400000,0x0000000082c8eb38,0x0000000087800000)
 Metaspace       used 20391K, capacity 21128K, committed 21248K, reserved 1067008K
  class space    used 2771K, capacity 2987K, committed 3072K, reserved 1048576K
}
Event: 6.865 GC heap before
{Heap before GC invocations=3 (full 1):
 PSYoungGen      total 37888K, used 5104K [0x00000000d6180000, 0x00000000d8b80000, 0x0000000100000000)
  eden space 32768K, 0% used [0x00000000d6180000,0x00000000d6180000,0x00000000d8180000)
  from space 5120K, 99% used [0x00000000d8680000,0x00000000d8b7c080,0x00000000d8b80000)
  to   space 5120K, 0% used [0x00000000d8180000,0x00000000d8180000,0x00000000d8680000)
 ParOldGen       total 86016K, used 8762K [0x0000000082400000, 0x0000000087800000, 0x00000000d6180000)
  object space 86016K, 10% used [0x0000000082400000,0x0000000082c8eb38,0x0000000087800000)
 Metaspace       used 20391K, capacity 21128K, committed 21248K, reserved 1067008K
  class space    used 2771K, capacity 2987K, committed 3072K, reserved 1048576K
Event: 6.883 GC heap after
Heap after GC invocations=3 (full 1):
 PSYoungGen      total 37888K, used 0K [0x00000000d6180000, 0x00000000d8b80000, 0x0000000100000000)
  eden space 32768K, 0% used [0x00000000d6180000,0x00000000d6180000,0x00000000d8180000)
  from space 5120K, 0% used [0x00000000d8680000,0x00000000d8680000,0x00000000d8b80000)
  to   space 5120K, 0% used [0x00000000d8180000,0x00000000d8180000,0x00000000d8680000)
 ParOldGen       total 55808K, used 11752K [0x0000000082400000, 0x0000000085a80000, 0x00000000d6180000)
  object space 55808K, 21% used [0x0000000082400000,0x0000000082f7a3c0,0x0000000085a80000)
 Metaspace       used 20391K, capacity 21128K, committed 21248K, reserved 1067008K
  class space    used 2771K, capacity 2987K, committed 3072K, reserved 1048576K
}
Event: 7.427 GC heap before
{Heap before GC invocations=4 (full 1):
 PSYoungGen      total 37888K, used 32768K [0x00000000d6180000, 0x00000000d8b80000, 0x0000000100000000)
  eden space 32768K, 100% used [0x00000000d6180000,0x00000000d8180000,0x00000000d8180000)
  from space 5120K, 0% used [0x00000000d8680000,0x00000000d8680000,0x00000000d8b80000)
  to   space 5120K, 0% used [0x00000000d8180000,0x00000000d8180000,0x00000000d8680000)
 ParOldGen       total 55808K, used 11752K [0x0000000082400000, 0x0000000085a80000, 0x00000000d6180000)
  object space 55808K, 21% used [0x0000000082400000,0x0000000082f7a3c0,0x0000000085a80000)
 Metaspace       used 23363K, capacity 24812K, committed 25088K, reserved 1071104K
  class space    used 3186K, capacity 3469K, committed 3584K, reserved 1048576K
Event: 7.437 GC heap after
Heap after GC invocations=4 (full 1):
 PSYoungGen      total 37888K, used 5088K [0x00000000d6180000, 0x00000000d8b80000, 0x0000000100000000)
  eden space 32768K, 0% used [0x00000000d6180000,0x00000000d6180000,0x00000000d8180000)
  from space 5120K, 99% used [0x00000000d8180000,0x00000000d8678060,0x00000000d8680000)
  to   space 5120K, 0% used [0x00000000d8680000,0x00000000d8680000,0x00000000d8b80000)
 ParOldGen       total 55808K, used 13659K [0x0000000082400000, 0x0000000085a80000, 0x00000000d6180000)
  object space 55808K, 24% used [0x0000000082400000,0x0000000083156ed8,0x0000000085a80000)
 Metaspace       used 23363K, capacity 24812K, committed 25088K, reserved 1071104K
  class space    used 3186K, capacity 3469K, committed 3584K, reserved 1048576K
}

